{"C:\\TATIANA\\Banco Pichincha\\FRONT END\\BancoPichincha-FrontEnd\\Clase8-Practica8\\src\\index.ts": {"path":"C:\\TATIANA\\Banco Pichincha\\FRONT END\\BancoPichincha-FrontEnd\\Clase8-Practica8\\src\\index.ts","statementMap":{"0":{"start":{"line":1,"column":20},"end":{"line":1,"column":55}},"1":{"start":{"line":15,"column":4},"end":{"line":15,"column":28}},"2":{"start":{"line":18,"column":8},"end":{"line":18,"column":57}},"3":{"start":{"line":22,"column":8},"end":{"line":33,"column":null}},"4":{"start":{"line":23,"column":12},"end":{"line":23,"column":42}},"5":{"start":{"line":25,"column":27},"end":{"line":25,"column":68}},"6":{"start":{"line":26,"column":12},"end":{"line":32,"column":null}},"7":{"start":{"line":27,"column":16},"end":{"line":27,"column":93}},"8":{"start":{"line":28,"column":16},"end":{"line":28,"column":99}},"9":{"start":{"line":30,"column":16},"end":{"line":30,"column":68}},"10":{"start":{"line":31,"column":16},"end":{"line":31,"column":46}},"11":{"start":{"line":37,"column":8},"end":{"line":37,"column":58}},"12":{"start":{"line":37,"column":39},"end":{"line":37,"column":56}},"13":{"start":{"line":41,"column":8},"end":{"line":41,"column":36}},"14":{"start":{"line":45,"column":8},"end":{"line":45,"column":31}},"15":{"start":{"line":50,"column":21},"end":{"line":50,"column":22}},"16":{"start":{"line":51,"column":8},"end":{"line":53,"column":null}},"17":{"start":{"line":51,"column":18},"end":{"line":51,"column":19}},"18":{"start":{"line":52,"column":12},"end":{"line":52,"column":137}},"19":{"start":{"line":54,"column":8},"end":{"line":54,"column":31}},"20":{"start":{"line":55,"column":8},"end":{"line":55,"column":46}},"21":{"start":{"line":59,"column":8},"end":{"line":59,"column":41}},"22":{"start":{"line":60,"column":17},"end":{"line":60,"column":79}},"23":{"start":{"line":61,"column":8},"end":{"line":61,"column":null}},"24":{"start":{"line":62,"column":18},"end":{"line":62,"column":19}},"25":{"start":{"line":63,"column":8},"end":{"line":65,"column":null}},"26":{"start":{"line":63,"column":18},"end":{"line":63,"column":19}},"27":{"start":{"line":64,"column":12},"end":{"line":64,"column":null}},"28":{"start":{"line":66,"column":8},"end":{"line":66,"column":69}},"29":{"start":{"line":67,"column":8},"end":{"line":67,"column":20}},"30":{"start":{"line":11,"column":0},"end":{"line":11,"column":13}},"31":{"start":{"line":76,"column":10},"end":{"line":76,"column":23}},"32":{"start":{"line":77,"column":0},"end":{"line":77,"column":103}},"33":{"start":{"line":78,"column":0},"end":{"line":78,"column":100}},"34":{"start":{"line":79,"column":0},"end":{"line":79,"column":103}},"35":{"start":{"line":80,"column":0},"end":{"line":80,"column":103}},"36":{"start":{"line":82,"column":0},"end":{"line":82,"column":33}}},"fnMap":{"0":{"name":"(anonymous_0)","decl":{"start":{"line":17,"column":4},"end":{"line":17,"column":null}},"loc":{"start":{"line":17,"column":4},"end":{"line":19,"column":5}}},"1":{"name":"(anonymous_1)","decl":{"start":{"line":21,"column":4},"end":{"line":21,"column":21}},"loc":{"start":{"line":21,"column":39},"end":{"line":34,"column":5}}},"2":{"name":"(anonymous_2)","decl":{"start":{"line":36,"column":4},"end":{"line":36,"column":23}},"loc":{"start":{"line":36,"column":37},"end":{"line":38,"column":5}}},"3":{"name":"(anonymous_3)","decl":{"start":{"line":37,"column":35},"end":{"line":37,"column":37}},"loc":{"start":{"line":37,"column":39},"end":{"line":37,"column":56}}},"4":{"name":"(anonymous_4)","decl":{"start":{"line":40,"column":4},"end":{"line":40,"column":20}},"loc":{"start":{"line":40,"column":54},"end":{"line":42,"column":5}}},"5":{"name":"(anonymous_5)","decl":{"start":{"line":44,"column":4},"end":{"line":44,"column":28}},"loc":{"start":{"line":44,"column":58},"end":{"line":46,"column":5}}},"6":{"name":"(anonymous_6)","decl":{"start":{"line":49,"column":4},"end":{"line":49,"column":29}},"loc":{"start":{"line":49,"column":29},"end":{"line":56,"column":5}}},"7":{"name":"(anonymous_7)","decl":{"start":{"line":58,"column":4},"end":{"line":58,"column":19}},"loc":{"start":{"line":58,"column":19},"end":{"line":68,"column":5}}}},"branchMap":{"0":{"loc":{"start":{"line":22,"column":8},"end":{"line":33,"column":null}},"type":"if","locations":[{"start":{"line":22,"column":8},"end":{"line":33,"column":null}},{"start":{"line":24,"column":13},"end":{"line":33,"column":null}}]},"1":{"loc":{"start":{"line":26,"column":12},"end":{"line":32,"column":null}},"type":"if","locations":[{"start":{"line":26,"column":12},"end":{"line":32,"column":null}},{"start":{"line":29,"column":17},"end":{"line":32,"column":null}}]}},"s":{"0":1,"1":2,"2":2,"3":5,"4":2,"5":3,"6":3,"7":1,"8":1,"9":2,"10":2,"11":4,"12":5,"13":5,"14":5,"15":1,"16":1,"17":1,"18":3,"19":1,"20":1,"21":0,"22":0,"23":0,"24":0,"25":0,"26":0,"27":0,"28":0,"29":0,"30":1,"31":1,"32":1,"33":1,"34":1,"35":1,"36":1},"f":{"0":2,"1":5,"2":4,"3":5,"4":5,"5":5,"6":1,"7":0},"b":{"0":[2,3],"1":[1,2]}}
}
