{"C:\\TATIANA\\Banco Pichincha\\FRONT END\\BancoPichincha-FrontEnd\\Clase8-Practica8\\src\\index.ts": {"path":"C:\\TATIANA\\Banco Pichincha\\FRONT END\\BancoPichincha-FrontEnd\\Clase8-Practica8\\src\\index.ts","statementMap":{"0":{"start":{"line":1,"column":20},"end":{"line":1,"column":55}},"1":{"start":{"line":15,"column":4},"end":{"line":15,"column":28}},"2":{"start":{"line":18,"column":8},"end":{"line":18,"column":57}},"3":{"start":{"line":22,"column":8},"end":{"line":34,"column":null}},"4":{"start":{"line":23,"column":12},"end":{"line":23,"column":42}},"5":{"start":{"line":26,"column":27},"end":{"line":26,"column":93}},"6":{"start":{"line":26,"column":66},"end":{"line":26,"column":92}},"7":{"start":{"line":27,"column":12},"end":{"line":33,"column":null}},"8":{"start":{"line":28,"column":16},"end":{"line":28,"column":93}},"9":{"start":{"line":29,"column":16},"end":{"line":29,"column":99}},"10":{"start":{"line":31,"column":16},"end":{"line":31,"column":68}},"11":{"start":{"line":32,"column":16},"end":{"line":32,"column":46}},"12":{"start":{"line":38,"column":8},"end":{"line":38,"column":45}},"13":{"start":{"line":42,"column":8},"end":{"line":42,"column":69}},"14":{"start":{"line":42,"column":50},"end":{"line":42,"column":67}},"15":{"start":{"line":46,"column":8},"end":{"line":46,"column":36}},"16":{"start":{"line":50,"column":8},"end":{"line":50,"column":31}},"17":{"start":{"line":55,"column":21},"end":{"line":55,"column":22}},"18":{"start":{"line":56,"column":8},"end":{"line":58,"column":null}},"19":{"start":{"line":56,"column":18},"end":{"line":56,"column":19}},"20":{"start":{"line":57,"column":12},"end":{"line":57,"column":137}},"21":{"start":{"line":59,"column":8},"end":{"line":59,"column":31}},"22":{"start":{"line":60,"column":8},"end":{"line":60,"column":46}},"23":{"start":{"line":64,"column":8},"end":{"line":64,"column":41}},"24":{"start":{"line":65,"column":17},"end":{"line":65,"column":79}},"25":{"start":{"line":66,"column":8},"end":{"line":66,"column":null}},"26":{"start":{"line":67,"column":18},"end":{"line":67,"column":19}},"27":{"start":{"line":68,"column":8},"end":{"line":70,"column":null}},"28":{"start":{"line":68,"column":18},"end":{"line":68,"column":19}},"29":{"start":{"line":69,"column":12},"end":{"line":69,"column":null}},"30":{"start":{"line":71,"column":8},"end":{"line":71,"column":69}},"31":{"start":{"line":72,"column":8},"end":{"line":72,"column":20}},"32":{"start":{"line":11,"column":0},"end":{"line":11,"column":13}},"33":{"start":{"line":78,"column":10},"end":{"line":78,"column":23}},"34":{"start":{"line":79,"column":0},"end":{"line":79,"column":103}},"35":{"start":{"line":80,"column":0},"end":{"line":80,"column":100}},"36":{"start":{"line":81,"column":0},"end":{"line":81,"column":103}},"37":{"start":{"line":82,"column":0},"end":{"line":82,"column":103}},"38":{"start":{"line":85,"column":0},"end":{"line":85,"column":28}}},"fnMap":{"0":{"name":"(anonymous_0)","decl":{"start":{"line":17,"column":4},"end":{"line":17,"column":null}},"loc":{"start":{"line":17,"column":4},"end":{"line":19,"column":5}}},"1":{"name":"(anonymous_1)","decl":{"start":{"line":21,"column":4},"end":{"line":21,"column":21}},"loc":{"start":{"line":21,"column":39},"end":{"line":35,"column":5}}},"2":{"name":"(anonymous_2)","decl":{"start":{"line":26,"column":51},"end":{"line":26,"column":52}},"loc":{"start":{"line":26,"column":66},"end":{"line":26,"column":92}}},"3":{"name":"(anonymous_3)","decl":{"start":{"line":37,"column":4},"end":{"line":37,"column":22}},"loc":{"start":{"line":37,"column":35},"end":{"line":39,"column":5}}},"4":{"name":"(anonymous_4)","decl":{"start":{"line":41,"column":4},"end":{"line":41,"column":23}},"loc":{"start":{"line":41,"column":37},"end":{"line":43,"column":5}}},"5":{"name":"(anonymous_5)","decl":{"start":{"line":42,"column":35},"end":{"line":42,"column":36}},"loc":{"start":{"line":42,"column":50},"end":{"line":42,"column":67}}},"6":{"name":"(anonymous_6)","decl":{"start":{"line":45,"column":4},"end":{"line":45,"column":20}},"loc":{"start":{"line":45,"column":54},"end":{"line":47,"column":5}}},"7":{"name":"(anonymous_7)","decl":{"start":{"line":49,"column":4},"end":{"line":49,"column":28}},"loc":{"start":{"line":49,"column":58},"end":{"line":51,"column":5}}},"8":{"name":"(anonymous_8)","decl":{"start":{"line":54,"column":4},"end":{"line":54,"column":29}},"loc":{"start":{"line":54,"column":29},"end":{"line":61,"column":5}}},"9":{"name":"(anonymous_9)","decl":{"start":{"line":63,"column":4},"end":{"line":63,"column":19}},"loc":{"start":{"line":63,"column":19},"end":{"line":73,"column":5}}}},"branchMap":{"0":{"loc":{"start":{"line":22,"column":8},"end":{"line":34,"column":null}},"type":"if","locations":[{"start":{"line":22,"column":8},"end":{"line":34,"column":null}},{"start":{"line":24,"column":13},"end":{"line":34,"column":null}}]},"1":{"loc":{"start":{"line":27,"column":12},"end":{"line":33,"column":null}},"type":"if","locations":[{"start":{"line":27,"column":12},"end":{"line":33,"column":null}},{"start":{"line":30,"column":17},"end":{"line":33,"column":null}}]}},"s":{"0":1,"1":2,"2":2,"3":8,"4":2,"5":6,"6":7,"7":6,"8":3,"9":3,"10":3,"11":3,"12":7,"13":1,"14":1,"15":5,"16":5,"17":1,"18":1,"19":1,"20":1,"21":1,"22":1,"23":1,"24":1,"25":1,"26":1,"27":1,"28":1,"29":1,"30":1,"31":1,"32":1,"33":1,"34":1,"35":1,"36":1,"37":1,"38":1},"f":{"0":2,"1":8,"2":7,"3":7,"4":1,"5":1,"6":5,"7":5,"8":1,"9":1},"b":{"0":[2,6],"1":[3,3]}}
}
