TN:
SF:src\index.ts
FN:17,(anonymous_0)
FN:21,(anonymous_1)
FN:36,(anonymous_2)
FN:37,(anonymous_3)
FN:40,(anonymous_4)
FN:44,(anonymous_5)
FN:49,(anonymous_6)
FN:58,(anonymous_7)
FNF:8
FNH:7
FNDA:2,(anonymous_0)
FNDA:5,(anonymous_1)
FNDA:4,(anonymous_2)
FNDA:5,(anonymous_3)
FNDA:5,(anonymous_4)
FNDA:5,(anonymous_5)
FNDA:1,(anonymous_6)
FNDA:0,(anonymous_7)
DA:1,1
DA:11,1
DA:15,2
DA:18,2
DA:22,5
DA:23,2
DA:25,3
DA:26,3
DA:27,1
DA:28,1
DA:30,2
DA:31,2
DA:37,5
DA:41,5
DA:45,5
DA:50,1
DA:51,1
DA:52,3
DA:54,1
DA:55,1
DA:59,0
DA:60,0
DA:61,0
DA:62,0
DA:63,0
DA:64,0
DA:66,0
DA:67,0
DA:76,1
DA:77,1
DA:78,1
DA:79,1
DA:80,1
DA:82,1
LF:34
LH:26
BRDA:22,0,0,2
BRDA:22,0,1,3
BRDA:26,1,0,1
BRDA:26,1,1,2
BRF:4
BRH:4
end_of_record
