TN:
SF:src\index.ts
FN:17,(anonymous_0)
FN:21,(anonymous_1)
FN:26,(anonymous_2)
FN:37,(anonymous_3)
FN:41,(anonymous_4)
FN:42,(anonymous_5)
FN:45,(anonymous_6)
FN:49,(anonymous_7)
FN:54,(anonymous_8)
FN:63,(anonymous_9)
FNF:10
FNH:10
FNDA:2,(anonymous_0)
FNDA:8,(anonymous_1)
FNDA:7,(anonymous_2)
FNDA:7,(anonymous_3)
FNDA:1,(anonymous_4)
FNDA:1,(anonymous_5)
FNDA:5,(anonymous_6)
FNDA:5,(anonymous_7)
FNDA:1,(anonymous_8)
FNDA:1,(anonymous_9)
DA:1,1
DA:11,1
DA:15,2
DA:18,2
DA:22,8
DA:23,2
DA:26,7
DA:27,6
DA:28,3
DA:29,3
DA:31,3
DA:32,3
DA:38,7
DA:42,1
DA:46,5
DA:50,5
DA:55,1
DA:56,1
DA:57,1
DA:59,1
DA:60,1
DA:64,1
DA:65,1
DA:66,1
DA:67,1
DA:68,1
DA:69,1
DA:71,1
DA:72,1
DA:78,1
DA:79,1
DA:80,1
DA:81,1
DA:82,1
DA:85,1
LF:35
LH:35
BRDA:22,0,0,2
BRDA:22,0,1,6
BRDA:27,1,0,3
BRDA:27,1,1,3
BRF:4
BRH:4
end_of_record
